1526401851068	geckodriver	INFO	geckodriver 0.20.1
1526401851081	geckodriver	INFO	Listening on 127.0.0.1:57015
1526401852075	mozrunner::runner	INFO	Running command: "/Applications/Firefox.app/Contents/MacOS/firefox-bin" "-marionette" "-profile" "/var/folders/hj/9nq4w9tj5m16v0zdwb9b_zn8256pwl/T/rust_mozprofile.buti2YjOMovv"
1526401853150	Marionette	INFO	Enabled via --marionette
2018-05-15 12:30:54.592 plugin-container[47085:34307684] *** CFMessagePort: bootstrap_register(): failed 1100 (0x44c) 'Permission denied', port = 0xa537, name = 'com.apple.tsm.portname'
See /usr/include/servers/bootstrap_defs.h for the error codes.
1526401855140	Marionette	INFO	Listening on port 57030
1526401855218	Marionette	WARN	TLS certificate errors will be ignored for this session
2018-05-15 12:30:56.066 plugin-container[47086:34307770] *** CFMessagePort: bootstrap_register(): failed 1100 (0x44c) 'Permission denied', port = 0xa133, name = 'com.apple.tsm.portname'
See /usr/include/servers/bootstrap_defs.h for the error codes.
*** UTM:SVC TimerManager:registerTimer called after profile-before-change notification. Ignoring timer registration for id: telemetry_modules_ping
1526402552151	geckodriver	INFO	geckodriver 0.20.1
1526402552164	geckodriver	INFO	Listening on 127.0.0.1:60602
1526402553156	mozrunner::runner	INFO	Running command: "/Applications/Firefox.app/Contents/MacOS/firefox-bin" "-marionette" "-profile" "/var/folders/hj/9nq4w9tj5m16v0zdwb9b_zn8256pwl/T/rust_mozprofile.V1enPR0205Tv"
1526402554230	Marionette	INFO	Enabled via --marionette
2018-05-15 12:42:35.748 plugin-container[47201:34353368] *** CFMessagePort: bootstrap_register(): failed 1100 (0x44c) 'Permission denied', port = 0xa437, name = 'com.apple.tsm.portname'
See /usr/include/servers/bootstrap_defs.h for the error codes.
1526402556282	Marionette	INFO	Listening on port 60617
1526402556362	Marionette	WARN	TLS certificate errors will be ignored for this session
2018-05-15 12:42:37.523 plugin-container[47202:34353482] *** CFMessagePort: bootstrap_register(): failed 1100 (0x44c) 'Permission denied', port = 0xa13b, name = 'com.apple.tsm.portname'
See /usr/include/servers/bootstrap_defs.h for the error codes.
*** UTM:SVC TimerManager:registerTimer called after profile-before-change notification. Ignoring timer registration for id: telemetry_modules_ping
1526417323397	geckodriver	INFO	geckodriver 0.20.1
1526417323412	geckodriver	INFO	Listening on 127.0.0.1:58235
1526417324400	mozrunner::runner	INFO	Running command: "/Applications/Firefox.app/Contents/MacOS/firefox-bin" "-marionette" "-profile" "/var/folders/hj/9nq4w9tj5m16v0zdwb9b_zn8256pwl/T/rust_mozprofile.wEPsC8sYSRwu"
1526417325156	Marionette	INFO	Enabled via --marionette
2018-05-15 16:48:46.377 plugin-container[48143:34789632] *** CFMessagePort: bootstrap_register(): failed 1100 (0x44c) 'Permission denied', port = 0xa437, name = 'com.apple.tsm.portname'
See /usr/include/servers/bootstrap_defs.h for the error codes.
1526417326834	Marionette	INFO	Listening on port 58250
1526417326908	Marionette	WARN	TLS certificate errors will be ignored for this session
2018-05-15 16:48:47.926 plugin-container[48144:34789747] *** CFMessagePort: bootstrap_register(): failed 1100 (0x44c) 'Permission denied', port = 0xa23b, name = 'com.apple.tsm.portname'
See /usr/include/servers/bootstrap_defs.h for the error codes.
*** UTM:SVC TimerManager:registerTimer called after profile-before-change notification. Ignoring timer registration for id: telemetry_modules_ping
1526417331705	geckodriver	INFO	geckodriver 0.20.1
1526417331712	geckodriver	INFO	Listening on 127.0.0.1:58421
1526417332724	mozrunner::runner	INFO	Running command: "/Applications/Firefox.app/Contents/MacOS/firefox-bin" "-marionette" "-profile" "/var/folders/hj/9nq4w9tj5m16v0zdwb9b_zn8256pwl/T/rust_mozprofile.QclYY3wyeG0M"
1526417333402	Marionette	INFO	Enabled via --marionette
2018-05-15 16:48:54.564 plugin-container[48147:34789906] *** CFMessagePort: bootstrap_register(): failed 1100 (0x44c) 'Permission denied', port = 0xa637, name = 'com.apple.tsm.portname'
See /usr/include/servers/bootstrap_defs.h for the error codes.
1526417335020	Marionette	INFO	Listening on port 58436
1526417335040	Marionette	WARN	TLS certificate errors will be ignored for this session
2018-05-15 16:48:55.973 plugin-container[48148:34790039] *** CFMessagePort: bootstrap_register(): failed 1100 (0x44c) 'Permission denied', port = 0x9f3b, name = 'com.apple.tsm.portname'
See /usr/include/servers/bootstrap_defs.h for the error codes.
*** UTM:SVC TimerManager:registerTimer called after profile-before-change notification. Ignoring timer registration for id: telemetry_modules_ping

###!!! [Parent][RunMessage] Error: Channel closing: too late to send/recv, messages will be lost

1526420021859	geckodriver	INFO	geckodriver 0.20.1
1526420021875	geckodriver	INFO	Listening on 127.0.0.1:56808
1526420022872	mozrunner::runner	INFO	Running command: "/Applications/Firefox.app/Contents/MacOS/firefox-bin" "-marionette" "-profile" "/var/folders/hj/9nq4w9tj5m16v0zdwb9b_zn8256pwl/T/rust_mozprofile.X6SfhBAP9CA0"
1526420023656	Marionette	INFO	Enabled via --marionette
2018-05-15 17:33:44.884 plugin-container[48811:34947558] *** CFMessagePort: bootstrap_register(): failed 1100 (0x44c) 'Permission denied', port = 0xa537, name = 'com.apple.tsm.portname'
See /usr/include/servers/bootstrap_defs.h for the error codes.
1526420025330	Marionette	INFO	Listening on port 56823
1526420025400	Marionette	WARN	TLS certificate errors will be ignored for this session
2018-05-15 17:33:46.338 plugin-container[48812:34947668] *** CFMessagePort: bootstrap_register(): failed 1100 (0x44c) 'Permission denied', port = 0xa23f, name = 'com.apple.tsm.portname'
See /usr/include/servers/bootstrap_defs.h for the error codes.
*** UTM:SVC TimerManager:registerTimer called after profile-before-change notification. Ignoring timer registration for id: telemetry_modules_ping
1526420030351	geckodriver	INFO	geckodriver 0.20.1
1526420030358	geckodriver	INFO	Listening on 127.0.0.1:57000
1526420031371	mozrunner::runner	INFO	Running command: "/Applications/Firefox.app/Contents/MacOS/firefox-bin" "-marionette" "-profile" "/var/folders/hj/9nq4w9tj5m16v0zdwb9b_zn8256pwl/T/rust_mozprofile.oVTbDT0Lxb1B"
1526420032052	Marionette	INFO	Enabled via --marionette
2018-05-15 17:33:53.222 plugin-container[48815:34947890] *** CFMessagePort: bootstrap_register(): failed 1100 (0x44c) 'Permission denied', port = 0xa537, name = 'com.apple.tsm.portname'
See /usr/include/servers/bootstrap_defs.h for the error codes.
1526420033682	Marionette	INFO	Listening on port 57015
1526420033818	Marionette	WARN	TLS certificate errors will be ignored for this session
2018-05-15 17:33:54.545 plugin-container[48816:34948012] *** CFMessagePort: bootstrap_register(): failed 1100 (0x44c) 'Permission denied', port = 0xa037, name = 'com.apple.tsm.portname'
See /usr/include/servers/bootstrap_defs.h for the error codes.
*** UTM:SVC TimerManager:registerTimer called after profile-before-change notification. Ignoring timer registration for id: telemetry_modules_ping
1526420038262	geckodriver	INFO	geckodriver 0.20.1
1526420038274	geckodriver	INFO	Listening on 127.0.0.1:57186
1526420039272	mozrunner::runner	INFO	Running command: "/Applications/Firefox.app/Contents/MacOS/firefox-bin" "-marionette" "-profile" "/var/folders/hj/9nq4w9tj5m16v0zdwb9b_zn8256pwl/T/rust_mozprofile.MId5XQFFdOsQ"
1526420040072	Marionette	INFO	Enabled via --marionette
2018-05-15 17:34:01.236 plugin-container[48819:34948190] *** CFMessagePort: bootstrap_register(): failed 1100 (0x44c) 'Permission denied', port = 0xa437, name = 'com.apple.tsm.portname'
See /usr/include/servers/bootstrap_defs.h for the error codes.
1526420041674	Marionette	INFO	Listening on port 57201
1526420041704	Marionette	WARN	TLS certificate errors will be ignored for this session
2018-05-15 17:34:02.488 plugin-container[48820:34948274] *** CFMessagePort: bootstrap_register(): failed 1100 (0x44c) 'Permission denied', port = 0xa137, name = 'com.apple.tsm.portname'
See /usr/include/servers/bootstrap_defs.h for the error codes.
*** UTM:SVC TimerManager:registerTimer called after profile-before-change notification. Ignoring timer registration for id: telemetry_modules_ping

###!!! [Parent][RunMessage] Error: Channel closing: too late to send/recv, messages will be lost

1526420046272	geckodriver	INFO	geckodriver 0.20.1
1526420046279	geckodriver	INFO	Listening on 127.0.0.1:57363
1526420047288	mozrunner::runner	INFO	Running command: "/Applications/Firefox.app/Contents/MacOS/firefox-bin" "-marionette" "-profile" "/var/folders/hj/9nq4w9tj5m16v0zdwb9b_zn8256pwl/T/rust_mozprofile.h43dvnhVVCw8"
1526420048038	Marionette	INFO	Enabled via --marionette
2018-05-15 17:34:09.231 plugin-container[48824:34948444] *** CFMessagePort: bootstrap_register(): failed 1100 (0x44c) 'Permission denied', port = 0xa33b, name = 'com.apple.tsm.portname'
See /usr/include/servers/bootstrap_defs.h for the error codes.
1526420049724	Marionette	INFO	Listening on port 57378
1526420049808	Marionette	WARN	TLS certificate errors will be ignored for this session
2018-05-15 17:34:10.700 plugin-container[48829:34948589] *** CFMessagePort: bootstrap_register(): failed 1100 (0x44c) 'Permission denied', port = 0xa03b, name = 'com.apple.tsm.portname'
See /usr/include/servers/bootstrap_defs.h for the error codes.
*** UTM:SVC TimerManager:registerTimer called after profile-before-change notification. Ignoring timer registration for id: telemetry_modules_ping
1526420054519	geckodriver	INFO	geckodriver 0.20.1
1526420054526	geckodriver	INFO	Listening on 127.0.0.1:57552
1526420055531	mozrunner::runner	INFO	Running command: "/Applications/Firefox.app/Contents/MacOS/firefox-bin" "-marionette" "-profile" "/var/folders/hj/9nq4w9tj5m16v0zdwb9b_zn8256pwl/T/rust_mozprofile.SxKhuc14y84w"
1526420056248	Marionette	INFO	Enabled via --marionette
2018-05-15 17:34:17.447 plugin-container[48832:34948753] *** CFMessagePort: bootstrap_register(): failed 1100 (0x44c) 'Permission denied', port = 0xa437, name = 'com.apple.tsm.portname'
See /usr/include/servers/bootstrap_defs.h for the error codes.
1526420057856	Marionette	INFO	Listening on port 57567
1526420057960	Marionette	WARN	TLS certificate errors will be ignored for this session
2018-05-15 17:34:18.728 plugin-container[48833:34948840] *** CFMessagePort: bootstrap_register(): failed 1100 (0x44c) 'Permission denied', port = 0x9f33, name = 'com.apple.tsm.portname'
See /usr/include/servers/bootstrap_defs.h for the error codes.
*** UTM:SVC TimerManager:registerTimer called after profile-before-change notification. Ignoring timer registration for id: telemetry_modules_ping
1526420062376	geckodriver	INFO	geckodriver 0.20.1
1526420062383	geckodriver	INFO	Listening on 127.0.0.1:57738
1526420063391	mozrunner::runner	INFO	Running command: "/Applications/Firefox.app/Contents/MacOS/firefox-bin" "-marionette" "-profile" "/var/folders/hj/9nq4w9tj5m16v0zdwb9b_zn8256pwl/T/rust_mozprofile.k0syDf98OieK"
1526420064058	Marionette	INFO	Enabled via --marionette
2018-05-15 17:34:25.250 plugin-container[48836:34948983] *** CFMessagePort: bootstrap_register(): failed 1100 (0x44c) 'Permission denied', port = 0xa537, name = 'com.apple.tsm.portname'
See /usr/include/servers/bootstrap_defs.h for the error codes.
1526420065970	Marionette	INFO	Listening on port 57753
1526420066026	Marionette	WARN	TLS certificate errors will be ignored for this session
2018-05-15 17:34:27.056 plugin-container[48839:34949096] *** CFMessagePort: bootstrap_register(): failed 1100 (0x44c) 'Permission denied', port = 0xa03b, name = 'com.apple.tsm.portname'
See /usr/include/servers/bootstrap_defs.h for the error codes.
*** UTM:SVC TimerManager:registerTimer called after profile-before-change notification. Ignoring timer registration for id: telemetry_modules_ping
1526420358059	geckodriver	INFO	geckodriver 0.20.1
1526420358077	geckodriver	INFO	Listening on 127.0.0.1:59149
1526420359073	mozrunner::runner	INFO	Running command: "/Applications/Firefox.app/Contents/MacOS/firefox-bin" "-marionette" "-profile" "/var/folders/hj/9nq4w9tj5m16v0zdwb9b_zn8256pwl/T/rust_mozprofile.P9sT65Dm9JEd"
1526420359994	Marionette	INFO	Enabled via --marionette
2018-05-15 17:39:21.490 plugin-container[48921:34967048] *** CFMessagePort: bootstrap_register(): failed 1100 (0x44c) 'Permission denied', port = 0xa73b, name = 'com.apple.tsm.portname'
See /usr/include/servers/bootstrap_defs.h for the error codes.
1526420361942	Marionette	INFO	Listening on port 59164
1526420361992	Marionette	WARN	TLS certificate errors will be ignored for this session
2018-05-15 17:39:23.294 plugin-container[48922:34967151] *** CFMessagePort: bootstrap_register(): failed 1100 (0x44c) 'Permission denied', port = 0xa43b, name = 'com.apple.tsm.portname'
See /usr/include/servers/bootstrap_defs.h for the error codes.
*** UTM:SVC TimerManager:registerTimer called after profile-before-change notification. Ignoring timer registration for id: telemetry_modules_ping
1526420879044	geckodriver	INFO	geckodriver 0.20.1
1526420879061	geckodriver	INFO	Listening on 127.0.0.1:61331
1526420880052	mozrunner::runner	INFO	Running command: "/Applications/Firefox.app/Contents/MacOS/firefox-bin" "-marionette" "-profile" "/var/folders/hj/9nq4w9tj5m16v0zdwb9b_zn8256pwl/T/rust_mozprofile.rlCLX68h1QlW"
1526420880964	Marionette	INFO	Enabled via --marionette
2018-05-15 17:48:02.595 plugin-container[48951:34990790] *** CFMessagePort: bootstrap_register(): failed 1100 (0x44c) 'Permission denied', port = 0xa537, name = 'com.apple.tsm.portname'
See /usr/include/servers/bootstrap_defs.h for the error codes.
1526420883226	Marionette	INFO	Listening on port 61346
1526420883376	Marionette	WARN	TLS certificate errors will be ignored for this session
2018-05-15 17:48:03.647 plugin-container[48952:34990891] *** CFMessagePort: bootstrap_register(): failed 1100 (0x44c) 'Permission denied', port = 0xa237, name = 'com.apple.tsm.portname'
See /usr/include/servers/bootstrap_defs.h for the error codes.
*** UTM:SVC TimerManager:registerTimer called after profile-before-change notification. Ignoring timer registration for id: telemetry_modules_ping
1526421575324	geckodriver	INFO	geckodriver 0.20.1
1526421575340	geckodriver	INFO	Listening on 127.0.0.1:64121
1526421576339	mozrunner::runner	INFO	Running command: "/Applications/Firefox.app/Contents/MacOS/firefox-bin" "-marionette" "-profile" "/var/folders/hj/9nq4w9tj5m16v0zdwb9b_zn8256pwl/T/rust_mozprofile.F2Dg5Y2tjUY5"
1526421577200	Marionette	INFO	Enabled via --marionette
2018-05-15 17:59:38.829 plugin-container[49020:35004019] *** CFMessagePort: bootstrap_register(): failed 1100 (0x44c) 'Permission denied', port = 0xa43b, name = 'com.apple.tsm.portname'
See /usr/include/servers/bootstrap_defs.h for the error codes.
1526421579664	Marionette	INFO	Listening on port 64136
2018-05-15 17:59:39.676 plugin-container[49021:35004235] *** CFMessagePort: bootstrap_register(): failed 1100 (0x44c) 'Permission denied', port = 0xa037, name = 'com.apple.tsm.portname'
See /usr/include/servers/bootstrap_defs.h for the error codes.
1526421579716	Marionette	WARN	TLS certificate errors will be ignored for this session
*** UTM:SVC TimerManager:registerTimer called after profile-before-change notification. Ignoring timer registration for id: telemetry_modules_ping

###!!! [Parent][RunMessage] Error: Channel closing: too late to send/recv, messages will be lost

1526422742540	geckodriver	INFO	geckodriver 0.20.1
1526422742556	geckodriver	INFO	Listening on 127.0.0.1:52806
1526422743545	mozrunner::runner	INFO	Running command: "/Applications/Firefox.app/Contents/MacOS/firefox-bin" "-marionette" "-profile" "/var/folders/hj/9nq4w9tj5m16v0zdwb9b_zn8256pwl/T/rust_mozprofile.25Uy1b3HUqYc"
1526422744354	Marionette	INFO	Enabled via --marionette
2018-05-15 18:19:05.728 plugin-container[49123:35087476] *** CFMessagePort: bootstrap_register(): failed 1100 (0x44c) 'Permission denied', port = 0xa633, name = 'com.apple.tsm.portname'
See /usr/include/servers/bootstrap_defs.h for the error codes.
1526422746192	Marionette	INFO	Listening on port 52821
1526422746280	Marionette	WARN	TLS certificate errors will be ignored for this session
2018-05-15 18:19:07.147 plugin-container[49127:35087610] *** CFMessagePort: bootstrap_register(): failed 1100 (0x44c) 'Permission denied', port = 0xa03b, name = 'com.apple.tsm.portname'
See /usr/include/servers/bootstrap_defs.h for the error codes.
*** UTM:SVC TimerManager:registerTimer called after profile-before-change notification. Ignoring timer registration for id: telemetry_modules_ping
1526422967225	geckodriver	INFO	geckodriver 0.20.1
1526422967246	geckodriver	INFO	Listening on 127.0.0.1:53812
1526422968238	mozrunner::runner	INFO	Running command: "/Applications/Firefox.app/Contents/MacOS/firefox-bin" "-marionette" "-profile" "/var/folders/hj/9nq4w9tj5m16v0zdwb9b_zn8256pwl/T/rust_mozprofile.lEQ0VBQjz7lV"
1526422969082	Marionette	INFO	Enabled via --marionette
2018-05-15 18:22:50.496 plugin-container[49155:35105825] *** CFMessagePort: bootstrap_register(): failed 1100 (0x44c) 'Permission denied', port = 0xa537, name = 'com.apple.tsm.portname'
See /usr/include/servers/bootstrap_defs.h for the error codes.
1526422971004	Marionette	INFO	Listening on port 53823
1526422971058	Marionette	WARN	TLS certificate errors will be ignored for this session
2018-05-15 18:22:51.911 plugin-container[49156:35105917] *** CFMessagePort: bootstrap_register(): failed 1100 (0x44c) 'Permission denied', port = 0x9f3b, name = 'com.apple.tsm.portname'
See /usr/include/servers/bootstrap_defs.h for the error codes.
*** UTM:SVC TimerManager:registerTimer called after profile-before-change notification. Ignoring timer registration for id: telemetry_modules_ping

###!!! [Parent][RunMessage] Error: Channel closing: too late to send/recv, messages will be lost

